facebook/build/outputs/logs/manifest-merger-debug-report.txt
-- Merging decision tree log ---
manifest
ADDED from location-based-chat\facebook\AndroidManifest.xml:18:1-22:12
INJECTED from location-based-chat\facebook\AndroidManifest.xml:18:1-22:12
INJECTED from location-based-chat\facebook\AndroidManifest.xml:18:1-22:12
	package
		ADDED from location-based-chat\facebook\AndroidManifest.xml:19:7-37
		INJECTED from location-based-chat\facebook\AndroidManifest.xml
		INJECTED from location-based-chat\facebook\AndroidManifest.xml
	xmlns:android
		ADDED from location-based-chat\facebook\AndroidManifest.xml:18:11-69
application
ADDED from location-based-chat\facebook\AndroidManifest.xml:20:5-19
uses-sdk
ADDED from location-based-chat\facebook\AndroidManifest.xml:21:5-43
INJECTED from location-based-chat\facebook\AndroidManifest.xml:21:5-43
INJECTED from location-based-chat\facebook\AndroidManifest.xml:21:5-43
INJECTED from location-based-chat\facebook\AndroidManifest.xml:21:5-43
INJECTED from location-based-chat\facebook\AndroidManifest.xml:21:5-43
	android:targetSdkVersion
		INJECTED from location-based-chat\facebook\AndroidManifest.xml
		ADDED from location-based-chat\facebook\AndroidManifest.xml:21:5-43
		INJECTED from location-based-chat\facebook\AndroidManifest.xml
	android:minSdkVersion
		ADDED from location-based-chat\facebook\AndroidManifest.xml:21:15-40
		INJECTED from location-based-chat\facebook\AndroidManifest.xml
		INJECTED from location-based-chat\facebook\AndroidManifest.xml